<?xml version="1.0" encoding="utf-8"?>
<coverage line-rate="0.42719999999999997" branch-rate="0.1681" version="1.9" timestamp="1781536732" lines-covered="576" lines-valid="1348" branches-covered="38" branches-valid="226">
  <sources>
    <source>C:\Users\Lukas\Desktop\nextatlet\apps\NextAtlet.Server\</source>
  </sources>
  <packages>
    <package name="NextAtlet.Application" line-rate="0.4078" branch-rate="0.225" complexity="256">
      <classes>
        <class name="NextAtlet.Application.Abstractions.Services.ValidationResult" filename="NextAtlet.Application\Interfaces\ISectionTypeRegistry.cs" line-rate="0" branch-rate="1" complexity="2">
          <methods>
            <method name="get_IsValid" signature="()" line-rate="0" branch-rate="1" complexity="1">
              <lines>
                <line number="10" hits="0" branch="False" />
              </lines>
            </method>
            <method name="get_Errors" signature="()" line-rate="0" branch-rate="1" complexity="1">
              <lines>
                <line number="11" hits="0" branch="False" />
              </lines>
            </method>
          </methods>
          <lines>
            <line number="10" hits="0" branch="False" />
            <line number="11" hits="0" branch="False" />
          </lines>
        </class>
        <class name="NextAtlet.Application.Features.Invitations.InvitationIssuer" filename="NextAtlet.Application\Features\Invitations\InvitationIssuer.cs" line-rate="0.5294" branch-rate="1" complexity="3">
          <methods>
            <method name="Issue" signature="(System.Guid,System.String,System.String,System.Guid)" line-rate="0" branch-rate="1" complexity="1">
              <lines>
                <line number="33" hits="0" branch="False" />
                <line number="34" hits="0" branch="False" />
                <line number="35" hits="0" branch="False" />
                <line number="36" hits="0" branch="False" />
                <line number="38" hits="0" branch="False" />
                <line number="39" hits="0" branch="False" />
                <line number="40" hits="0" branch="False" />
              </lines>
            </method>
            <method name="NotifyAsync" signature="(NextAtlet.Domain.Entities.Sites.Invitation,System.Threading.CancellationToken)" line-rate="0" branch-rate="1" complexity="1">
              <lines>
                <line number="44" hits="0" branch="False" />
              </lines>
            </method>
            <method name=".ctor" signature="(NextAtlet.Application.Abstractions.Persistence.IInvitationRepository,NextAtlet.Application.Abstractions.Services.IEmailService,Microsoft.Extensions.Options.IOptions`1&lt;NextAtlet.Application.Common.Options.InvitationOptions&gt;)" line-rate="1" branch-rate="1" complexity="1">
              <lines>
                <line number="21" hits="21" branch="False" />
                <line number="22" hits="21" branch="False" />
                <line number="23" hits="21" branch="False" />
                <line number="24" hits="21" branch="False" />
                <line number="25" hits="21" branch="False" />
                <line number="26" hits="21" branch="False" />
                <line number="27" hits="21" branch="False" />
                <line number="28" hits="21" branch="False" />
                <line number="29" hits="21" branch="False" />
              </lines>
            </method>
          </methods>
          <lines>
            <line number="33" hits="0" branch="False" />
            <line number="34" hits="0" branch="False" />
            <line number="35" hits="0" branch="False" />
            <line number="36" hits="0" branch="False" />
            <line number="38" hits="0" branch="False" />
            <line number="39" hits="0" branch="False" />
            <line number="40" hits="0" branch="False" />
            <line number="44" hits="0" branch="False" />
            <line number="21" hits="21" branch="False" />
            <line number="22" hits="21" branch="False" />
            <line number="23" hits="21" branch="False" />
            <line number="24" hits="21" branch="False" />
            <line number="25" hits="21" branch="False" />
            <line number="26" hits="21" branch="False" />
            <line number="27" hits="21" branch="False" />
            <line number="28" hits="21" branch="False" />
            <line number="29" hits="21" branch="False" />
          </lines>
        </class>
        <class name="NextAtlet.Application.Features.Invitations.Commands.AcceptInvitationCommand" filename="NextAtlet.Application\Features\Invitations\Commands\AcceptInvitationCommand.cs" line-rate="0" branch-rate="1" complexity="4">
          <methods>
            <method name="get_InvitationId" signature="()" line-rate="0" branch-rate="1" complexity="1">
              <lines>
                <line number="20" hits="0" branch="False" />
              </lines>
            </method>
            <method name="get_AuthProviderId" signature="()" line-rate="0" branch-rate="1" complexity="1">
              <lines>
                <line number="21" hits="0" branch="False" />
              </lines>
            </method>
            <method name="get_Email" signature="()" line-rate="0" branch-rate="1" complexity="1">
              <lines>
                <line number="22" hits="0" branch="False" />
              </lines>
            </method>
            <method name=".ctor" signature="(System.Guid,System.String,System.String)" line-rate="0" branch-rate="1" complexity="1">
              <lines>
                <line number="19" hits="0" branch="False" />
              </lines>
            </method>
          </methods>
          <lines>
            <line number="20" hits="0" branch="False" />
            <line number="21" hits="0" branch="False" />
            <line number="22" hits="0" branch="False" />
            <line number="19" hits="0" branch="False" />
          </lines>
        </class>
        <class name="NextAtlet.Application.Features.Invitations.Commands.AcceptInvitationCommandHandler" filename="NextAtlet.Application\Features\Invitations\Commands\AcceptInvitationCommand.cs" line-rate="0" branch-rate="1" complexity="1">
          <methods>
            <method name=".ctor" signature="(NextAtlet.Application.Abstractions.Persistence.IInvitationRepository,NextAtlet.Application.Abstractions.Persistence.ISiteLoginRepository,NextAtlet.Application.Features.Account.UserProvisioner,NextAtlet.Application.Abstractions.Persistence.IUnitOfWork)" line-rate="0" branch-rate="1" complexity="1">
              <lines>
                <line number="31" hits="0" branch="False" />
                <line number="32" hits="0" branch="False" />
                <line number="33" hits="0" branch="False" />
                <line number="34" hits="0" branch="False" />
                <line number="35" hits="0" branch="False" />
                <line number="36" hits="0" branch="False" />
                <line number="37" hits="0" branch="False" />
                <line number="38" hits="0" branch="False" />
                <line number="39" hits="0" branch="False" />
                <line number="40" hits="0" branch="False" />
                <line number="41" hits="0" branch="False" />
              </lines>
            </method>
          </methods>
          <lines>
            <line number="31" hits="0" branch="False" />
            <line number="32" hits="0" branch="False" />
            <line number="33" hits="0" branch="False" />
            <line number="34" hits="0" branch="False" />
            <line number="35" hits="0" branch="False" />
            <line number="36" hits="0" branch="False" />
            <line number="37" hits="0" branch="False" />
            <line number="38" hits="0" branch="False" />
            <line number="39" hits="0" branch="False" />
            <line number="40" hits="0" branch="False" />
            <line number="41" hits="0" branch="False" />
          </lines>
        </class>
        <class name="NextAtlet.Application.Features.Invitations.Commands.AcceptInvitationCommandHandler/&lt;Handle&gt;d__5" filename="NextAtlet.Application\Features\Invitations\Commands\AcceptInvitationCommand.cs" line-rate="0" branch-rate="0" complexity="10">
          <methods>
            <method name="MoveNext" signature="()" line-rate="0" branch-rate="0" complexity="10">
              <lines>
                <line number="44" hits="0" branch="False" />
                <line number="45" hits="0" branch="False" />
                <line number="46" hits="0" branch="True" condition-coverage="0% (0/2)">
                  <conditions>
                    <condition number="200" type="jump" coverage="0%" />
                  </conditions>
                </line>
                <line number="47" hits="0" branch="False" />
                <line number="50" hits="0" branch="True" condition-coverage="0% (0/2)">
                  <conditions>
                    <condition number="238" type="jump" coverage="0%" />
                  </conditions>
                </line>
                <line number="51" hits="0" branch="False" />
                <line number="53" hits="0" branch="True" condition-coverage="0% (0/2)">
                  <conditions>
                    <condition number="291" type="jump" coverage="0%" />
                  </conditions>
                </line>
                <line number="54" hits="0" branch="False" />
                <line number="57" hits="0" branch="True" condition-coverage="0% (0/2)">
                  <conditions>
                    <condition number="349" type="jump" coverage="0%" />
                  </conditions>
                </line>
                <line number="58" hits="0" branch="False" />
                <line number="61" hits="0" branch="False" />
                <line number="65" hits="0" branch="True" condition-coverage="0% (0/2)">
                  <conditions>
                    <condition number="570" type="jump" coverage="0%" />
                  </conditions>
                </line>
                <line number="66" hits="0" branch="False" />
                <line number="67" hits="0" branch="False" />
                <line number="69" hits="0" branch="False" />
                <line number="71" hits="0" branch="False" />
                <line number="72" hits="0" branch="False" />
                <line number="73" hits="0" branch="False" />
              </lines>
            </method>
          </methods>
          <lines>
            <line number="44" hits="0" branch="False" />
            <line number="45" hits="0" branch="False" />
            <line number="46" hits="0" branch="True" condition-coverage="0% (0/2)">
              <conditions>
                <condition number="200" type="jump" coverage="0%" />
              </conditions>
            </line>
            <line number="47" hits="0" branch="False" />
            <line number="50" hits="0" branch="True" condition-coverage="0% (0/2)">
              <conditions>
                <condition number="238" type="jump" coverage="0%" />
              </conditions>
            </line>
            <line number="51" hits="0" branch="False" />
            <line number="53" hits="0" branch="True" condition-coverage="0% (0/2)">
              <conditions>
                <condition number="291" type="jump" coverage="0%" />
              </conditions>
            </line>
            <line number="54" hits="0" branch="False" />
            <line number="57" hits="0" branch="True" condition-coverage="0% (0/2)">
              <conditions>
                <condition number="349" type="jump" coverage="0%" />
              </conditions>
            </line>
            <line number="58" hits="0" branch="False" />
            <line number="61" hits="0" branch="False" />
            <line number="65" hits="0" branch="True" condition-coverage="0% (0/2)">
              <conditions>
                <condition number="570" type="jump" coverage="0%" />
              </conditions>
            </line>
            <line number="66" hits="0" branch="False" />
            <line number="67" hits="0" branch="False" />
            <line number="69" hits="0" branch="False" />
            <line number="71" hits="0" branch="False" />
            <line number="72" hits="0" branch="False" />
            <line number="73" hits="0" branch="False" />
          </lines>
        </class>
        <class name="NextAtlet.Application.Features.Invitations.Commands.InviteToProfileCommand" filename="NextAtlet.Application\Features\Invitations\Commands\InviteToProfileCommand.cs" line-rate="0" branch-rate="1" complexity="6">
          <methods>
            <method name="get_SiteId" signature="()" line-rate="0" branch-rate="1" complexity="1">
              <lines>
                <line number="17" hits="0" branch="False" />
              </lines>
            </method>
            <method name="get_CallerAuthProviderId" signature="()" line-rate="0" branch-rate="1" complexity="1">
              <lines>
                <line number="18" hits="0" branch="False" />
              </lines>
            </method>
            <method name="get_CallerEmail" signature="()" line-rate="0" branch-rate="1" complexity="1">
              <lines>
                <line number="19" hits="0" branch="False" />
              </lines>
            </method>
            <method name="get_Email" signature="()" line-rate="0" branch-rate="1" complexity="1">
              <lines>
                <line number="20" hits="0" branch="False" />
              </lines>
            </method>
            <method name="get_Role" signature="()" line-rate="0" branch-rate="1" complexity="1">
              <lines>
                <line number="21" hits="0" branch="False" />
              </lines>
            </method>
            <method name=".ctor" signature="(System.Guid,System.String,System.String,System.String,System.String)" line-rate="0" branch-rate="1" complexity="1">
              <lines>
                <line number="16" hits="0" branch="False" />
              </lines>
            </method>
          </methods>
          <lines>
            <line number="17" hits="0" branch="False" />
            <line number="18" hits="0" branch="False" />
            <line number="19" hits="0" branch="False" />
            <line number="20" hits="0" branch="False" />
            <line number="21" hits="0" branch="False" />
            <line number="16" hits="0" branch="False" />
          </lines>
        </class>
        <class name="NextAtlet.Application.Features.Invitations.Commands.InviteToProfileCommandHandler" filename="NextAtlet.Application\Features\Invitations\Commands\InviteToProfileCommand.cs" line-rate="0" branch-rate="1" complexity="1">
          <methods>
            <method name=".ctor" signature="(NextAtlet.Application.Abstractions.Persistence.IUserRepository,NextAtlet.Application.Abstractions.Persistence.ISiteRepository,NextAtlet.Application.Abstractions.Persistence.ISiteLoginRepository,NextAtlet.Application.Abstractions.Persistence.IAthleteProfileRepository,NextAtlet.Application.Abstractions.Persistence.IInvitationRepository,NextAtlet.Application.Features.Invitations.InvitationIssuer,NextAtlet.Application.Abstractions.Persistence.IUnitOfWork,NextAtlet.Application.Common.Time.IClock)" line-rate="0" branch-rate="1" complexity="1">
              <lines>
                <line number="34" hits="0" branch="False" />
                <line number="35" hits="0" branch="False" />
                <line number="36" hits="0" branch="False" />
                <line number="37" hits="0" branch="False" />
                <line number="38" hits="0" branch="False" />
                <line number="39" hits="0" branch="False" />
                <line number="40" hits="0" branch="False" />
                <line number="41" hits="0" branch="False" />
                <line number="42" hits="0" branch="False" />
                <line number="43" hits="0" branch="False" />
                <line number="44" hits="0" branch="False" />
                <line number="45" hits="0" branch="False" />
                <line number="46" hits="0" branch="False" />
                <line number="47" hits="0" branch="False" />
                <line number="48" hits="0" branch="False" />
                <line number="49" hits="0" branch="False" />
                <line number="50" hits="0" branch="False" />
                <line number="51" hits="0" branch="False" />
                <line number="52" hits="0" branch="False" />
              </lines>
            </method>
          </methods>
          <lines>
            <line number="34" hits="0" branch="False" />
            <line number="35" hits="0" branch="False" />
            <line number="36" hits="0" branch="False" />
            <line number="37" hits="0" branch="False" />
            <line number="38" hits="0" branch="False" />
            <line number="39" hits="0" branch="False" />
            <line number="40" hits="0" branch="False" />
            <line number="41" hits="0" branch="False" />
            <line number="42" hits="0" branch="False" />
            <line number="43" hits="0" branch="False" />
            <line number="44" hits="0" branch="False" />
            <line number="45" hits="0" branch="False" />
            <line number="46" hits="0" branch="False" />
            <line number="47" hits="0" branch="False" />
            <line number="48" hits="0" branch="False" />
            <line number="49" hits="0" branch="False" />
            <line number="50" hits="0" branch="False" />
            <line number="51" hits="0" branch="False" />
            <line number="52" hits="0" branch="False" />
          </lines>
        </class>
        <class name="NextAtlet.Application.Features.Invitations.Commands.InviteToProfileCommandHandler/&lt;Handle&gt;d__9" filename="NextAtlet.Application\Features\Invitations\Commands\InviteToProfileCommand.cs" line-rate="0" branch-rate="0" complexity="16">
          <methods>
            <method name="MoveNext" signature="()" line-rate="0" branch-rate="0" complexity="16">
              <lines>
                <line number="55" hits="0" branch="False" />
                <line number="57" hits="0" branch="True" condition-coverage="0% (0/4)">
                  <conditions>
                    <condition number="96" type="jump" coverage="0%" />
                    <condition number="129" type="jump" coverage="0%" />
                  </conditions>
                </line>
                <line number="58" hits="0" branch="False" />
                <line number="61" hits="0" branch="False" />
                <line number="62" hits="0" branch="True" condition-coverage="0% (0/2)">
                  <conditions>
                    <condition number="313" type="jump" coverage="0%" />
                  </conditions>
                </line>
                <line number="63" hits="0" branch="False" />
                <line number="65" hits="0" branch="False" />
                <line number="66" hits="0" branch="True" condition-coverage="0% (0/2)">
                  <conditions>
                    <condition number="500" type="jump" coverage="0%" />
                  </conditions>
                </line>
                <line number="67" hits="0" branch="False" />
                <line number="70" hits="0" branch="True" condition-coverage="0% (0/2)">
                  <conditions>
                    <condition number="691" type="jump" coverage="0%" />
                  </conditions>
                </line>
                <line number="71" hits="0" branch="False" />
                <line number="74" hits="0" branch="True" condition-coverage="0% (0/4)">
                  <conditions>
                    <condition number="754" type="jump" coverage="0%" />
                    <condition number="793" type="jump" coverage="0%" />
                  </conditions>
                </line>
                <line number="75" hits="0" branch="False" />
                <line number="78" hits="0" branch="True" condition-coverage="0% (0/2)">
                  <conditions>
                    <condition number="980" type="jump" coverage="0%" />
                  </conditions>
                </line>
                <line number="79" hits="0" branch="False" />
                <line number="81" hits="0" branch="False" />
                <line number="82" hits="0" branch="False" />
                <line number="84" hits="0" branch="False" />
                <line number="86" hits="0" branch="False" />
                <line number="87" hits="0" branch="False" />
              </lines>
            </method>
          </methods>
          <lines>
            <line number="55" hits="0" branch="False" />
            <line number="57" hits="0" branch="True" condition-coverage="0% (0/4)">
              <conditions>
                <condition number="96" type="jump" coverage="0%" />
                <condition number="129" type="jump" coverage="0%" />
              </conditions>
            </line>
            <line number="58" hits="0" branch="False" />
            <line number="61" hits="0" branch="False" />
            <line number="62" hits="0" branch="True" condition-coverage="0% (0/2)">
              <conditions>
                <condition number="313" type="jump" coverage="0%" />
              </conditions>
            </line>
            <line number="63" hits="0" branch="False" />
            <line number="65" hits="0" branch="False" />
            <line number="66" hits="0" branch="True" condition-coverage="0% (0/2)">
              <conditions>
                <condition number="500" type="jump" coverage="0%" />
              </conditions>
            </line>
            <line number="67" hits="0" branch="False" />
            <line number="70" hits="0" branch="True" condition-coverage="0% (0/2)">
              <conditions>
                <condition number="691" type="jump" coverage="0%" />
              </conditions>
            </line>
            <line number="71" hits="0" branch="False" />
            <line number="74" hits="0" branch="True" condition-coverage="0% (0/4)">
              <conditions>
                <condition number="754" type="jump" coverage="0%" />
                <condition number="793" type="jump" coverage="0%" />
              </conditions>
            </line>
            <line number="75" hits="0" branch="False" />
            <line number="78" hits="0" branch="True" condition-coverage="0% (0/2)">
              <conditions>
                <condition number="980" type="jump" coverage="0%" />
              </conditions>
            </line>
            <line number="79" hits="0" branch="False" />
            <line number="81" hits="0" branch="False" />
            <line number="82" hits="0" branch="False" />
            <line number="84" hits="0" branch="False" />
            <line number="86" hits="0" branch="False" />
            <line number="87" hits="0" branch="False" />
          </lines>
        </class>
        <class name="NextAtlet.Application.Features.Athletes.Queries.GetDraftAthleteSiteSnapshotQuery" filename="NextAtlet.Application\Features\Athletes\Queries\GetDraftAthleteSiteSnapshotQuery.cs" line-rate="0" branch-rate="1" complexity="1">
          <methods>
            <method name="get_SiteId" signature="()" line-rate="0" branch-rate="1" complexity="1">
              <lines>
                <line number="10" hits="0" branch="False" />
              </lines>
            </method>
          </methods>
          <lines>
            <line number="10" hits="0" branch="False" />
          </lines>
        </class>
        <class name="NextAtlet.Application.Features.Athletes.Queries.GetDraftAthleteSiteSnapshotQueryHandler" filename="NextAtlet.Application\Features\Athletes\Queries\GetDraftAthleteSiteSnapshotQuery.cs" line-rate="0" branch-rate="1" complexity="1">
          <methods>
            <method name=".ctor" signature="(NextAtlet.Application.Abstractions.Persistence.ISiteSnapshotRepository)" line-rate="0" branch-rate="1" complexity="1">
              <lines>
                <line number="16" hits="0" branch="False" />
              </lines>
            </method>
          </methods>
          <lines>
            <line number="16" hits="0" branch="False" />
          </lines>
        </class>
        <class name="NextAtlet.Application.Features.Athletes.Queries.GetDraftAthleteSiteSnapshotQueryHandler/&lt;Handle&gt;d__2" filename="NextAtlet.Application\Features\Athletes\Queries\GetDraftAthleteSiteSnapshotQuery.cs" line-rate="0" branch-rate="0" complexity="2">
          <methods>
            <method name="MoveNext" signature="()" line-rate="0" branch-rate="0" complexity="2">
              <lines>
                <line number="19" hits="0" branch="False" />
                <line number="20" hits="0" branch="True" condition-coverage="0% (0/2)">
                  <conditions>
                    <condition number="151" type="jump" coverage="0%" />
                  </conditions>
                </line>
                <line number="21" hits="0" branch="False" />
                <line number="23" hits="0" branch="False" />
                <line number="24" hits="0" branch="False" />
              </lines>
            </method>
          </methods>
          <lines>
            <line number="19" hits="0" branch="False" />
            <line number="20" hits="0" branch="True" condition-coverage="0% (0/2)">
              <conditions>
                <condition number="151" type="jump" coverage="0%" />
              </conditions>
            </line>
            <line number="21" hits="0" branch="False" />
            <line number="23" hits="0" branch="False" />
            <line number="24" hits="0" branch="False" />
          </lines>
        </class>
        <class name="NextAtlet.Application.Features.Athletes.Commands.AthleteRegistrationHandlerBase" filename="NextAtlet.Application\Features\Athletes\Commands\AthleteRegistrationHandlerBase.cs" line-rate="1" branch-rate="1" complexity="5">
          <methods>
            <method name="GetOrCreateUserAsync" signature="(System.String,System.String,System.Threading.CancellationToken)" line-rate="1" branch-rate="1" complexity="1">
              <lines>
                <line number="111" hits="16" branch="False" />
              </lines>
            </method>
            <method name="MapToDto" signature="(NextAtlet.Domain.Entities.Sites.Site)" line-rate="1" branch-rate="1" complexity="1">
              <lines>
                <line number="113" hits="14" branch="False" />
                <line number="114" hits="14" branch="False" />
                <line number="115" hits="14" branch="False" />
                <line number="116" hits="14" branch="False" />
                <line number="117" hits="14" branch="False" />
                <line number="118" hits="14" branch="False" />
                <line number="119" hits="14" branch="False" />
              </lines>
            </method>
            <method name="CreateDefaultLayout" signature="()" line-rate="1" branch-rate="1" complexity="1">
              <lines>
                <line number="137" hits="14" branch="False" />
                <line number="138" hits="14" branch="False" />
                <line number="139" hits="14" branch="False" />
                <line number="140" hits="14" branch="False" />
                <line number="141" hits="14" branch="False" />
                <line number="142" hits="14" branch="False" />
                <line number="143" hits="14" branch="False" />
                <line number="144" hits="14" branch="False" />
                <line number="145" hits="14" branch="False" />
                <line number="146" hits="14" branch="False" />
                <line number="147" hits="14" branch="False" />
                <line number="148" hits="14" branch="False" />
                <line number="149" hits="14" branch="False" />
                <line number="150" hits="14" branch="False" />
                <line number="151" hits="14" branch="False" />
                <line number="152" hits="14" branch="False" />
                <line number="153" hits="14" branch="False" />
                <line number="154" hits="14" branch="False" />
              </lines>
            </method>
            <method name=".ctor" signature="(NextAtlet.Application.Abstractions.Persistence.ISiteRepository,NextAtlet.Application.Abstractions.Persistence.ISiteLoginRepository,NextAtlet.Application.Abstractions.Persistence.IAthleteProfileRepository,NextAtlet.Application.Abstractions.Persistence.IThemeRepository,NextAtlet.Application.Abstractions.Persistence.ISiteSnapshotRepository,NextAtlet.Application.Features.Account.UserProvisioner,NextAtlet.Application.Features.Invitations.InvitationIssuer,NextAtlet.Application.Common.Time.IClock,NextAtlet.Application.Common.Options.AgeThresholdOptions,NextAtlet.Application.Abstractions.Persistence.IUnitOfWork)" line-rate="1" branch-rate="1" complexity="1">
              <lines>
                <line number="42" hits="21" branch="False" />
                <line number="43" hits="21" branch="False" />
                <line number="44" hits="21" branch="False" />
                <line number="45" hits="21" branch="False" />
                <line number="46" hits="21" branch="False" />
                <line number="47" hits="21" branch="False" />
                <line number="48" hits="21" branch="False" />
                <line number="49" hits="21" branch="False" />
                <line number="50" hits="21" branch="False" />
                <line number="51" hits="21" branch="False" />
                <line number="52" hits="21" branch="False" />
                <line number="53" hits="21" branch="False" />
                <line number="54" hits="21" branch="False" />
                <line number="55" hits="21" branch="False" />
                <line number="56" hits="21" branch="False" />
                <line number="57" hits="21" branch="False" />
                <line number="58" hits="21" branch="False" />
                <line number="59" hits="21" branch="False" />
                <line number="60" hits="21" branch="False" />
                <line number="61" hits="21" branch="False" />
                <line number="62" hits="21" branch="False" />
                <line number="63" hits="21" branch="False" />
                <line number="64" hits="21" branch="False" />
              </lines>
            </method>
            <method name=".cctor" signature="()" line-rate="1" branch-rate="1" complexity="1">
              <lines>
                <line number="28" hits="1" branch="False" />
                <line number="29" hits="1" branch="False" />
              </lines>
            </method>
          </methods>
          <lines>
            <line number="111" hits="16" branch="False" />
            <line number="113" hits="14" branch="False" />
            <line number="114" hits="14" branch="False" />
            <line number="115" hits="14" branch="False" />
            <line number="116" hits="14" branch="False" />
            <line number="117" hits="14" branch="False" />
            <line number="118" hits="14" branch="False" />
            <line number="119" hits="14" branch="False" />
            <line number="137" hits="14" branch="False" />
            <line number="138" hits="14" branch="False" />
            <line number="139" hits="14" branch="False" />
            <line number="140" hits="14" branch="False" />
            <line number="141" hits="14" branch="False" />
            <line number="142" hits="14" branch="False" />
            <line number="143" hits="14" branch="False" />
            <line number="144" hits="14" branch="False" />
            <line number="145" hits="14" branch="False" />
            <line number="146" hits="14" branch="False" />
            <line number="147" hits="14" branch="False" />
            <line number="148" hits="14" branch="False" />
            <line number="149" hits="14" branch="False" />
            <line number="150" hits="14" branch="False" />
            <line number="151" hits="14" branch="False" />
            <line number="152" hits="14" branch="False" />
            <line number="153" hits="14" branch="False" />
            <line number="154" hits="14" branch="False" />
            <line number="42" hits="21" branch="False" />
            <line number="43" hits="21" branch="False" />
            <line number="44" hits="21" branch="False" />
            <line number="45" hits="21" branch="False" />
            <line number="46" hits="21" branch="False" />
            <line number="47" hits="21" branch="False" />
            <line number="48" hits="21" branch="False" />
            <line number="49" hits="21" branch="False" />
            <line number="50" hits="21" branch="False" />
            <line number="51" hits="21" branch="False" />
            <line number="52" hits="21" branch="False" />
            <line number="53" hits="21" branch="False" />
            <line number="54" hits="21" branch="False" />
            <line number="55" hits="21" branch="False" />
            <line number="56" hits="21" branch="False" />
            <line number="57" hits="21" branch="False" />
            <line number="58" hits="21" branch="False" />
            <line number="59" hits="21" branch="False" />
            <line number="60" hits="21" branch="False" />
            <line number="61" hits="21" branch="False" />
            <line number="62" hits="21" branch="False" />
            <line number="63" hits="21" branch="False" />
            <line number="64" hits="21" branch="False" />
            <line number="28" hits="1" branch="False" />
            <line number="29" hits="1" branch="False" />
          </lines>
        </class>
        <class name="NextAtlet.Application.Features.Athletes.Commands.AthleteRegistrationHandlerBase/&lt;AttachDefaultDraftSnapshotAsync&gt;d__15" filename="NextAtlet.Application\Features\Athletes\Commands\AthleteRegistrationHandlerBase.cs" line-rate="1" branch-rate="0.5" complexity="2">
          <methods>
            <method name="MoveNext" signature="()" line-rate="1" branch-rate="0.5" complexity="2">
              <lines>
                <line number="122" hits="14" branch="False" />
                <line number="123" hits="14" branch="True" condition-coverage="50% (1/2)">
                  <conditions>
                    <condition number="145" type="jump" coverage="50%" />
                  </conditions>
                </line>
                <line number="124" hits="14" branch="False" />
                <line number="126" hits="14" branch="False" />
                <line number="127" hits="14" branch="False" />
                <line number="128" hits="14" branch="False" />
                <line number="129" hits="14" branch="False" />
                <line number="130" hits="14" branch="False" />
                <line number="131" hits="14" branch="False" />
                <line number="132" hits="14" branch="False" />
                <line number="133" hits="14" branch="False" />
                <line number="134" hits="14" branch="False" />
                <line number="135" hits="14" branch="False" />
              </lines>
            </method>
          </methods>
          <lines>
            <line number="122" hits="14" branch="False" />
            <line number="123" hits="14" branch="True" condition-coverage="50% (1/2)">
              <conditions>
                <condition number="145" type="jump" coverage="50%" />
              </conditions>
            </line>
            <line number="124" hits="14" branch="False" />
            <line number="126" hits="14" branch="False" />
            <line number="127" hits="14" branch="False" />
            <line number="128" hits="14" branch="False" />
            <line number="129" hits="14" branch="False" />
            <line number="130" hits="14" branch="False" />
            <line number="131" hits="14" branch="False" />
            <line number="132" hits="14" branch="False" />
            <line number="133" hits="14" branch="False" />
            <line number="134" hits="14" branch="False" />
            <line number="135" hits="14" branch="False" />
          </lines>
        </class>
        <class name="NextAtlet.Application.Features.Athletes.Commands.AthleteRegistrationHandlerBase/&lt;CreateAthleteProfileCoreAsync&gt;d__12" filename="NextAtlet.Application\Features\Athletes\Commands\AthleteRegistrationHandlerBase.cs" line-rate="0.9655" branch-rate="0.8332999999999999" complexity="6">
          <methods>
            <method name="MoveNext" signature="()" line-rate="0.9655" branch-rate="0.8332999999999999" complexity="6">
              <lines>
                <line number="73" hits="15" branch="False" />
                <line number="74" hits="15" branch="False" />
                <line number="77" hits="15" branch="True" condition-coverage="100% (2/2)">
                  <conditions>
                    <condition number="175" type="jump" coverage="100%" />
                  </conditions>
                </line>
                <line number="78" hits="1" branch="False" />
                <line number="79" hits="14" branch="True" condition-coverage="50% (1/2)">
                  <conditions>
                    <condition number="223" type="jump" coverage="50%" />
                  </conditions>
                </line>
                <line number="80" hits="0" branch="False" />
                <line number="82" hits="14" branch="False" />
                <line number="83" hits="14" branch="False" />
                <line number="84" hits="14" branch="False" />
                <line number="85" hits="14" branch="False" />
                <line number="86" hits="14" branch="False" />
                <line number="87" hits="14" branch="False" />
                <line number="88" hits="14" branch="False" />
                <line number="89" hits="14" branch="False" />
                <line number="90" hits="14" branch="False" />
                <line number="93" hits="14" branch="False" />
                <line number="94" hits="14" branch="True" condition-coverage="100% (2/2)">
                  <conditions>
                    <condition number="446" type="jump" coverage="100%" />
                  </conditions>
                </line>
                <line number="95" hits="14" branch="False" />
                <line number="96" hits="14" branch="False" />
                <line number="97" hits="14" branch="False" />
                <line number="98" hits="14" branch="False" />
                <line number="99" hits="14" branch="False" />
                <line number="100" hits="14" branch="False" />
                <line number="101" hits="14" branch="False" />
                <line number="102" hits="14" branch="False" />
                <line number="103" hits="14" branch="False" />
                <line number="105" hits="14" branch="False" />
                <line number="106" hits="14" branch="False" />
                <line number="107" hits="15" branch="False" />
              </lines>
            </method>
          </methods>
          <lines>
            <line number="73" hits="15" branch="False" />
            <line number="74" hits="15" branch="False" />
            <line number="77" hits="15" branch="True" condition-coverage="100% (2/2)">
              <conditions>
                <condition number="175" type="jump" coverage="100%" />
              </conditions>
            </line>
            <line number="78" hits="1" branch="False" />
            <line number="79" hits="14" branch="True" condition-coverage="50% (1/2)">
              <conditions>
                <condition number="223" type="jump" coverage="50%" />
              </conditions>
            </line>
            <line number="80" hits="0" branch="False" />
            <line number="82" hits="14" branch="False" />
            <line number="83" hits="14" branch="False" />
            <line number="84" hits="14" branch="False" />
            <line number="85" hits="14" branch="False" />
            <line number="86" hits="14" branch="False" />
            <line number="87" hits="14" branch="False" />
            <line number="88" hits="14" branch="False" />
            <line number="89" hits="14" branch="False" />
            <line number="90" hits="14" branch="False" />
            <line number="93" hits="14" branch="False" />
            <line number="94" hits="14" branch="True" condition-coverage="100% (2/2)">
              <conditions>
                <condition number="446" type="jump" coverage="100%" />
              </conditions>
            </line>
            <line number="95" hits="14" branch="False" />
            <line number="96" hits="14" branch="False" />
            <line number="97" hits="14" branch="False" />
            <line number="98" hits="14" branch="False" />
            <line number="99" hits="14" branch="False" />
            <line number="100" hits="14" branch="False" />
            <line number="101" hits="14" branch="False" />
            <line number="102" hits="14" branch="False" />
            <line number="103" hits="14" branch="False" />
            <line number="105" hits="14" branch="False" />
            <line number="106" hits="14" branch="False" />
            <line number="107" hits="15" branch="False" />
          </lines>
        </class>
        <class name="NextAtlet.Application.Features.Athletes.Commands.GuardianRegisterAthleteCommand" filename="NextAtlet.Application\Features\Athletes\Commands\GuardianRegisterAthleteCommand.cs" line-rate="0" branch-rate="1" complexity="7">
          <methods>
            <method name="get_AuthProviderId" signature="()" line-rate="0" branch-rate="1" complexity="1">
              <lines>
                <line number="25" hits="0" branch="False" />
              </lines>
            </method>
            <method name="get_Email" signature="()" line-rate="0" branch-rate="1" complexity="1">
              <lines>
                <line number="26" hits="0" branch="False" />
              </lines>
            </method>
            <method name="get_ChildDisplayName" signature="()" line-rate="0" branch-rate="1" complexity="1">
              <lines>
                <line number="27" hits="0" branch="False" />
              </lines>
            </method>
            <method name="get_Slug" signature="()" line-rate="0" branch-rate="1" complexity="1">
              <lines>
                <line number="28" hits="0" branch="False" />
              </lines>
            </method>
            <method name="get_ChildDateOfBirth" signature="()" line-rate="0" branch-rate="1" complexity="1">
              <lines>
                <line number="29" hits="0" branch="False" />
              </lines>
            </method>
            <method name="get_DefaultLocaleId" signature="()" line-rate="0" branch-rate="1" complexity="1">
              <lines>
                <line number="30" hits="0" branch="False" />
              </lines>
            </method>
            <method name=".ctor" signature="(System.String,System.String,System.String,System.String,System.DateTime,System.String)" line-rate="0" branch-rate="1" complexity="1">
              <lines>
                <line number="24" hits="0" branch="False" />
              </lines>
            </method>
          </methods>
          <lines>
            <line number="25" hits="0" branch="False" />
            <line number="26" hits="0" branch="False" />
            <line number="27" hits="0" branch="False" />
            <line number="28" hits="0" branch="False" />
            <line number="29" hits="0" branch="False" />
            <line number="30" hits="0" branch="False" />
            <line number="24" hits="0" branch="False" />
          </lines>
        </class>
        <class name="NextAtlet.Application.Features.Athletes.Commands.GuardianRegisterAthleteCommandHandler" filename="NextAtlet.Application\Features\Athletes\Commands\GuardianRegisterAthleteCommand.cs" line-rate="0" branch-rate="1" complexity="1">
          <methods>
            <method name=".ctor" signature="(NextAtlet.Application.Abstractions.Persistence.ISiteRepository,NextAtlet.Application.Abstractions.Persistence.ISiteLoginRepository,NextAtlet.Application.Abstractions.Persistence.IAthleteProfileRepository,NextAtlet.Application.Abstractions.Persistence.IThemeRepository,NextAtlet.Application.Abstractions.Persistence.ISiteSnapshotRepository,NextAtlet.Application.Features.Account.UserProvisioner,NextAtlet.Application.Features.Invitations.InvitationIssuer,NextAtlet.Application.Common.Time.IClock,NextAtlet.Application.Common.Options.AgeThresholdOptions,NextAtlet.Application.Abstractions.Persistence.IUnitOfWork)" line-rate="0" branch-rate="1" complexity="1">
              <lines>
                <line number="46" hits="0" branch="False" />
              </lines>
            </method>
          </methods>
          <lines>
            <line number="46" hits="0" branch="False" />
          </lines>
        </class>
        <class name="NextAtlet.Application.Features.Athletes.Commands.GuardianRegisterAthleteCommandHandler/&lt;Handle&gt;d__1" filename="NextAtlet.Application\Features\Athletes\Commands\GuardianRegisterAthleteCommand.cs" line-rate="0" branch-rate="0" complexity="4">
          <methods>
            <method name="MoveNext" signature="()" line-rate="0" branch-rate="0" complexity="4">
              <lines>
                <line number="49" hits="0" branch="False" />
                <line number="52" hits="0" branch="True" condition-coverage="0% (0/2)">
                  <conditions>
                    <condition number="87" type="jump" coverage="0%" />
                  </conditions>
                </line>
                <line number="53" hits="0" branch="False" />
                <line number="55" hits="0" branch="False" />
                <line number="58" hits="0" branch="False" />
                <line number="59" hits="0" branch="False" />
                <line number="60" hits="0" branch="False" />
                <line number="61" hits="0" branch="True" condition-coverage="0% (0/2)">
                  <conditions>
                    <condition number="466" type="jump" coverage="0%" />
                  </conditions>
                </line>
                <line number="62" hits="0" branch="False" />
                <line number="63" hits="0" branch="False" />
                <line number="66" hits="0" branch="False" />
                <line number="68" hits="0" branch="False" />
                <line number="69" hits="0" branch="False" />
                <line number="70" hits="0" branch="False" />
              </lines>
            </method>
          </methods>
          <lines>
            <line number="49" hits="0" branch="False" />
            <line number="52" hits="0" branch="True" condition-coverage="0% (0/2)">
              <conditions>
                <condition number="87" type="jump" coverage="0%" />
              </conditions>
            </line>
            <line number="53" hits="0" branch="False" />
            <line number="55" hits="0" branch="False" />
            <line number="58" hits="0" branch="False" />
            <line number="59" hits="0" branch="False" />
            <line number="60" hits="0" branch="False" />
            <line number="61" hits="0" branch="True" condition-coverage="0% (0/2)">
              <conditions>
                <condition number="466" type="jump" coverage="0%" />
              </conditions>
            </line>
            <line number="62" hits="0" branch="False" />
            <line number="63" hits="0" branch="False" />
            <line number="66" hits="0" branch="False" />
            <line number="68" hits="0" branch="False" />
            <line number="69" hits="0" branch="False" />
            <line number="70" hits="0" branch="False" />
          </lines>
        </class>
        <class name="NextAtlet.Application.Features.Athletes.Commands.RecordGuardianConsentCommand" filename="NextAtlet.Application\Features\Athletes\Commands\RecordGuardianConsentCommand.cs" line-rate="1" branch-rate="1" complexity="4">
          <methods>
            <method name="get_ProfileId" signature="()" line-rate="1" branch-rate="1" complexity="1">
              <lines>
                <line number="21" hits="3" branch="False" />
              </lines>
            </method>
            <method name="get_AuthProviderId" signature="()" line-rate="1" branch-rate="1" complexity="1">
              <lines>
                <line number="22" hits="1" branch="False" />
              </lines>
            </method>
            <method name="get_Email" signature="()" line-rate="1" branch-rate="1" complexity="1">
              <lines>
                <line number="23" hits="4" branch="False" />
              </lines>
            </method>
            <method name=".ctor" signature="(System.Guid,System.String,System.String)" line-rate="1" branch-rate="1" complexity="1">
              <lines>
                <line number="20" hits="3" branch="False" />
              </lines>
            </method>
          </methods>
          <lines>
            <line number="21" hits="3" branch="False" />
            <line number="22" hits="1" branch="False" />
            <line number="23" hits="4" branch="False" />
            <line number="20" hits="3" branch="False" />
          </lines>
        </class>
        <class name="NextAtlet.Application.Features.Athletes.Commands.RecordGuardianConsentCommandHandler" filename="NextAtlet.Application\Features\Athletes\Commands\RecordGuardianConsentCommand.cs" line-rate="1" branch-rate="1" complexity="1">
          <methods>
            <method name=".ctor" signature="(NextAtlet.Application.Abstractions.Persistence.ISiteRepository,NextAtlet.Application.Abstractions.Persistence.IGuardianConsentRepository,NextAtlet.Application.Features.Account.UserProvisioner,Microsoft.Extensions.Options.IOptions`1&lt;NextAtlet.Application.Common.Options.TermsOptions&gt;,NextAtlet.Application.Abstractions.Persistence.IUnitOfWork,NextAtlet.Application.Abstractions.Persistence.IAthleteProfileRepository)" line-rate="1" branch-rate="1" complexity="1">
              <lines>
                <line number="33" hits="3" branch="False" />
                <line number="34" hits="3" branch="False" />
                <line number="35" hits="3" branch="False" />
                <line number="36" hits="3" branch="False" />
                <line number="37" hits="3" branch="False" />
                <line number="38" hits="3" branch="False" />
                <line number="39" hits="3" branch="False" />
                <line number="40" hits="3" branch="False" />
                <line number="41" hits="3" branch="False" />
                <line number="42" hits="3" branch="False" />
                <line number="43" hits="3" branch="False" />
                <line number="44" hits="3" branch="False" />
                <line number="45" hits="3" branch="False" />
                <line number="46" hits="3" branch="False" />
              </lines>
            </method>
          </methods>
          <lines>
            <line number="33" hits="3" branch="False" />
            <line number="34" hits="3" branch="False" />
            <line number="35" hits="3" branch="False" />
            <line number="36" hits="3" branch="False" />
            <line number="37" hits="3" branch="False" />
            <line number="38" hits="3" branch="False" />
            <line number="39" hits="3" branch="False" />
            <line number="40" hits="3" branch="False" />
            <line number="41" hits="3" branch="False" />
            <line number="42" hits="3" branch="False" />
            <line number="43" hits="3" branch="False" />
            <line number="44" hits="3" branch="False" />
            <line number="45" hits="3" branch="False" />
            <line number="46" hits="3" branch="False" />
          </lines>
        </class>
        <class name="NextAtlet.Application.Features.Athletes.Commands.RecordGuardianConsentCommandHandler/&lt;Handle&gt;d__6" filename="NextAtlet.Application\Features\Athletes\Commands\RecordGuardianConsentCommand.cs" line-rate="1" branch-rate="1" complexity="4">
          <methods>
            <method name="MoveNext" signature="()" line-rate="1" branch-rate="1" complexity="4">
              <lines>
                <line number="49" hits="3" branch="False" />
                <line number="50" hits="3" branch="False" />
                <line number="51" hits="3" branch="True" condition-coverage="100% (2/2)">
                  <conditions>
                    <condition number="200" type="jump" coverage="100%" />
                  </conditions>
                </line>
                <line number="52" hits="1" branch="False" />
                <line number="56" hits="2" branch="True" condition-coverage="100% (2/2)">
                  <conditions>
                    <condition number="253" type="jump" coverage="100%" />
                  </conditions>
                </line>
                <line number="57" hits="1" branch="False" />
                <line number="60" hits="1" branch="False" />
                <line number="61" hits="1" branch="False" />
                <line number="62" hits="1" branch="False" />
                <line number="63" hits="1" branch="False" />
                <line number="64" hits="1" branch="False" />
                <line number="65" hits="1" branch="False" />
                <line number="66" hits="1" branch="False" />
                <line number="67" hits="1" branch="False" />
                <line number="69" hits="1" branch="False" />
                <line number="71" hits="1" branch="False" />
                <line number="73" hits="1" branch="False" />
                <line number="75" hits="1" branch="False" />
                <line number="76" hits="3" branch="False" />
              </lines>
            </method>
          </methods>
          <lines>
            <line number="49" hits="3" branch="False" />
            <line number="50" hits="3" branch="False" />
            <line number="51" hits="3" branch="True" condition-coverage="100% (2/2)">
              <conditions>
                <condition number="200" type="jump" coverage="100%" />
              </conditions>
            </line>
            <line number="52" hits="1" branch="False" />
            <line number="56" hits="2" branch="True" condition-coverage="100% (2/2)">
              <conditions>
                <condition number="253" type="jump" coverage="100%" />
              </conditions>
            </line>
            <line number="57" hits="1" branch="False" />
            <line number="60" hits="1" branch="False" />
            <line number="61" hits="1" branch="False" />
            <line number="62" hits="1" branch="False" />
            <line number="63" hits="1" branch="False" />
            <line number="64" hits="1" branch="False" />
            <line number="65" hits="1" branch="False" />
            <line number="66" hits="1" branch="False" />
            <line number="67" hits="1" branch="False" />
            <line number="69" hits="1" branch="False" />
            <line number="71" hits="1" branch="False" />
            <line number="73" hits="1" branch="False" />
            <line number="75" hits="1" branch="False" />
            <line number="76" hits="3" branch="False" />
          </lines>
        </class>
        <class name="NextAtlet.Application.Features.Athletes.Commands.SelfRegisterAthleteCommand" filename="NextAtlet.Application\Features\Athletes\Commands\SelfRegisterAthleteCommand.cs" line-rate="1" branch-rate="1" complexity="8">
          <methods>
            <method name="get_AuthProviderId" signature="()" line-rate="1" branch-rate="1" complexity="1">
              <lines>
                <line number="28" hits="16" branch="False" />
              </lines>
            </method>
            <method name="get_Email" signature="()" line-rate="1" branch-rate="1" complexity="1">
              <lines>
                <line number="29" hits="25" branch="False" />
              </lines>
            </method>
            <method name="get_DisplayName" signature="()" line-rate="1" branch-rate="1" complexity="1">
              <lines>
                <line number="30" hits="15" branch="False" />
              </lines>
            </method>
            <method name="get_Slug" signature="()" line-rate="1" branch-rate="1" complexity="1">
              <lines>
                <line number="31" hits="15" branch="False" />
              </lines>
            </method>
            <method name="get_DateOfBirth" signature="()" line-rate="1" branch-rate="1" complexity="1">
              <lines>
                <line number="32" hits="59" branch="False" />
              </lines>
            </method>
            <method name="get_DefaultLocaleId" signature="()" line-rate="1" branch-rate="1" complexity="1">
              <lines>
                <line number="33" hits="15" branch="False" />
              </lines>
            </method>
            <method name="get_GuardianEmail" signature="()" line-rate="1" branch-rate="1" complexity="1">
              <lines>
                <line number="34" hits="54" branch="False" />
              </lines>
            </method>
            <method name=".ctor" signature="(System.String,System.String,System.String,System.String,System.DateTime,System.String,System.String)" line-rate="1" branch-rate="1" complexity="1">
              <lines>
                <line number="27" hits="24" branch="False" />
              </lines>
            </method>
          </methods>
          <lines>
            <line number="28" hits="16" branch="False" />
            <line number="29" hits="25" branch="False" />
            <line number="30" hits="15" branch="False" />
            <line number="31" hits="15" branch="False" />
            <line number="32" hits="59" branch="False" />
            <line number="33" hits="15" branch="False" />
            <line number="34" hits="54" branch="False" />
            <line number="27" hits="24" branch="False" />
          </lines>
        </class>
        <class name="NextAtlet.Application.Features.Athletes.Commands.SelfRegisterAthleteCommandHandler" filename="NextAtlet.Application\Features\Athletes\Commands\SelfRegisterAthleteCommand.cs" line-rate="1" branch-rate="1" complexity="1">
          <methods>
            <method name=".ctor" signature="(NextAtlet.Application.Abstractions.Persistence.ISiteRepository,NextAtlet.Application.Abstractions.Persistence.ISiteLoginRepository,NextAtlet.Application.Abstractions.Persistence.IAthleteProfileRepository,NextAtlet.Application.Abstractions.Persistence.IThemeRepository,NextAtlet.Application.Abstractions.Persistence.ISiteSnapshotRepository,NextAtlet.Application.Features.Account.UserProvisioner,NextAtlet.Application.Features.Invitations.InvitationIssuer,NextAtlet.Application.Common.Time.IClock,Microsoft.Extensions.Options.IOptions`1&lt;NextAtlet.Application.Common.Options.AgeThresholdOptions&gt;,NextAtlet.Application.Abstractions.Services.IEmailService,NextAtlet.Application.Abstractions.Persistence.IUnitOfWork)" line-rate="1" branch-rate="1" complexity="1">
              <lines>
                <line number="54" hits="21" branch="False" />
                <line number="55" hits="21" branch="False" />
                <line number="56" hits="21" branch="False" />
                <line number="57" hits="21" branch="False" />
                <line number="58" hits="21" branch="False" />
              </lines>
            </method>
          </methods>
          <lines>
            <line number="54" hits="21" branch="False" />
            <line number="55" hits="21" branch="False" />
            <line number="56" hits="21" branch="False" />
            <line number="57" hits="21" branch="False" />
            <line number="58" hits="21" branch="False" />
          </lines>
        </class>
        <class name="NextAtlet.Application.Features.Athletes.Commands.SelfRegisterAthleteCommandHandler/&lt;Handle&gt;d__3" filename="NextAtlet.Application\Features\Athletes\Commands\SelfRegisterAthleteCommand.cs" line-rate="0.96" branch-rate="0.9375" complexity="16">
          <methods>
            <method name="MoveNext" signature="()" line-rate="0.96" branch-rate="0.9375" complexity="16">
              <lines>
                <line number="61" hits="24" branch="False" />
                <line number="63" hits="24" branch="False" />
                <line number="64" hits="24" branch="False" />
                <line number="65" hits="24" branch="True" condition-coverage="100% (2/2)">
                  <conditions>
                    <condition number="147" type="jump" coverage="100%" />
                  </conditions>
                </line>
                <line number="66" hits="4" branch="False" />
                <line number="69" hits="20" branch="False" />
                <line number="70" hits="20" branch="True" condition-coverage="100% (4/4)">
                  <conditions>
                    <condition number="230" type="jump" coverage="100%" />
                    <condition number="253" type="jump" coverage="100%" />
                  </conditions>
                </line>
                <line number="71" hits="4" branch="False" />
                <line number="74" hits="16" branch="True" condition-coverage="75% (3/4)">
                  <conditions>
                    <condition number="282" type="jump" coverage="100%" />
                    <condition number="319" type="jump" coverage="50%" />
                  </conditions>
                </line>
                <line number="75" hits="0" branch="False" />
                <line number="77" hits="16" branch="False" />
                <line number="80" hits="16" branch="True" condition-coverage="100% (2/2)">
                  <conditions>
                    <condition number="656" type="jump" coverage="100%" />
                  </conditions>
                </line>
                <line number="81" hits="1" branch="False" />
                <line number="84" hits="15" branch="False" />
                <line number="85" hits="15" branch="False" />
                <line number="86" hits="15" branch="False" />
                <line number="87" hits="15" branch="True" condition-coverage="100% (2/2)">
                  <conditions>
                    <condition number="895" type="jump" coverage="100%" />
                  </conditions>
                </line>
                <line number="88" hits="1" branch="False" />
                <line number="89" hits="14" branch="False" />
                <line number="91" hits="14" branch="False" />
                <line number="93" hits="14" branch="False" />
                <line number="98" hits="14" branch="True" condition-coverage="100% (2/2)">
                  <conditions>
                    <condition number="1106" type="jump" coverage="100%" />
                  </conditions>
                </line>
                <line number="99" hits="8" branch="False" />
                <line number="101" hits="14" branch="False" />
                <line number="102" hits="24" branch="False" />
              </lines>
            </method>
          </methods>
          <lines>
            <line number="61" hits="24" branch="False" />
            <line number="63" hits="24" branch="False" />
            <line number="64" hits="24" branch="False" />
            <line number="65" hits="24" branch="True" condition-coverage="100% (2/2)">
              <conditions>
                <condition number="147" type="jump" coverage="100%" />
              </conditions>
            </line>
            <line number="66" hits="4" branch="False" />
            <line number="69" hits="20" branch="False" />
            <line number="70" hits="20" branch="True" condition-coverage="100% (4/4)">
              <conditions>
                <condition number="230" type="jump" coverage="100%" />
                <condition number="253" type="jump" coverage="100%" />
              </conditions>
            </line>
            <line number="71" hits="4" branch="False" />
            <line number="74" hits="16" branch="True" condition-coverage="75% (3/4)">
              <conditions>
                <condition number="282" type="jump" coverage="100%" />
                <condition number="319" type="jump" coverage="50%" />
              </conditions>
            </line>
            <line number="75" hits="0" branch="False" />
            <line number="77" hits="16" branch="False" />
            <line number="80" hits="16" branch="True" condition-coverage="100% (2/2)">
              <conditions>
                <condition number="656" type="jump" coverage="100%" />
              </conditions>
            </line>
            <line number="81" hits="1" branch="False" />
            <line number="84" hits="15" branch="False" />
            <line number="85" hits="15" branch="False" />
            <line number="86" hits="15" branch="False" />
            <line number="87" hits="15" branch="True" condition-coverage="100% (2/2)">
              <conditions>
                <condition number="895" type="jump" coverage="100%" />
              </conditions>
            </line>
            <line number="88" hits="1" branch="False" />
            <line number="89" hits="14" branch="False" />
            <line number="91" hits="14" branch="False" />
            <line number="93" hits="14" branch="False" />
            <line number="98" hits="14" branch="True" condition-coverage="100% (2/2)">
              <conditions>
                <condition number="1106" type="jump" coverage="100%" />
              </conditions>
            </line>
            <line number="99" hits="8" branch="False" />
            <line number="101" hits="14" branch="False" />
            <line number="102" hits="24" branch="False" />
          </lines>
        </class>
        <class name="NextAtlet.Application.Features.Athletes.Commands.SetCollaborationCommand" filename="NextAtlet.Application\Features\Athletes\Commands\SetCollaborationCommand.cs" line-rate="0" branch-rate="1" complexity="4">
          <methods>
            <method name="get_SiteId" signature="()" line-rate="0" branch-rate="1" complexity="1">
              <lines>
                <line number="17" hits="0" branch="False" />
              </lines>
            </method>
            <method name="get_CallerAuthProviderId" signature="()" line-rate="0" branch-rate="1" complexity="1">
              <lines>
                <line number="18" hits="0" branch="False" />
              </lines>
            </method>
            <method name="get_SharedEditing" signature="()" line-rate="0" branch-rate="1" complexity="1">
              <lines>
                <line number="19" hits="0" branch="False" />
              </lines>
            </method>
            <method name=".ctor" signature="(System.Guid,System.String,System.Boolean)" line-rate="0" branch-rate="1" complexity="1">
              <lines>
                <line number="16" hits="0" branch="False" />
              </lines>
            </method>
          </methods>
          <lines>
            <line number="17" hits="0" branch="False" />
            <line number="18" hits="0" branch="False" />
            <line number="19" hits="0" branch="False" />
            <line number="16" hits="0" branch="False" />
          </lines>
        </class>
        <class name="NextAtlet.Application.Features.Athletes.Commands.SetCollaborationCommandHandler" filename="NextAtlet.Application\Features\Athletes\Commands\SetCollaborationCommand.cs" line-rate="0" branch-rate="1" complexity="1">
          <methods>
            <method name=".ctor" signature="(NextAtlet.Application.Abstractions.Persistence.ISiteRepository,NextAtlet.Application.Abstractions.Persistence.ISiteLoginRepository,NextAtlet.Application.Abstractions.Persistence.IUserRepository,NextAtlet.Domain.Authorization.PermissionResolver,NextAtlet.Application.Abstractions.Persistence.IUnitOfWork,NextAtlet.Application.Abstractions.Persistence.IAthleteProfileRepository)" line-rate="0" branch-rate="1" complexity="1">
              <lines>
                <line number="30" hits="0" branch="False" />
                <line number="31" hits="0" branch="False" />
                <line number="32" hits="0" branch="False" />
                <line number="33" hits="0" branch="False" />
                <line number="34" hits="0" branch="False" />
                <line number="35" hits="0" branch="False" />
                <line number="36" hits="0" branch="False" />
                <line number="37" hits="0" branch="False" />
                <line number="38" hits="0" branch="False" />
                <line number="39" hits="0" branch="False" />
                <line number="40" hits="0" branch="False" />
                <line number="41" hits="0" branch="False" />
                <line number="42" hits="0" branch="False" />
                <line number="43" hits="0" branch="False" />
                <line number="44" hits="0" branch="False" />
              </lines>
            </method>
          </methods>
          <lines>
            <line number="30" hits="0" branch="False" />
            <line number="31" hits="0" branch="False" />
            <line number="32" hits="0" branch="False" />
            <line number="33" hits="0" branch="False" />
            <line number="34" hits="0" branch="False" />
            <line number="35" hits="0" branch="False" />
            <line number="36" hits="0" branch="False" />
            <line number="37" hits="0" branch="False" />
            <line number="38" hits="0" branch="False" />
            <line number="39" hits="0" branch="False" />
            <line number="40" hits="0" branch="False" />
            <line number="41" hits="0" branch="False" />
            <line number="42" hits="0" branch="False" />
            <line number="43" hits="0" branch="False" />
            <line number="44" hits="0" branch="False" />
          </lines>
        </class>
        <class name="NextAtlet.Application.Features.Athletes.Commands.SetCollaborationCommandHandler/&lt;Handle&gt;d__7" filename="NextAtlet.Application\Features\Athletes\Commands\SetCollaborationCommand.cs" line-rate="0" branch-rate="0" complexity="18">
          <methods>
            <method name="MoveNext" signature="()" line-rate="0" branch-rate="0" complexity="18">
              <lines>
                <line number="47" hits="0" branch="False" />
                <line number="48" hits="0" branch="False" />
                <line number="49" hits="0" branch="True" condition-coverage="0% (0/2)">
                  <conditions>
                    <condition number="209" type="jump" coverage="0%" />
                  </conditions>
                </line>
                <line number="50" hits="0" branch="False" />
                <line number="52" hits="0" branch="False" />
                <line number="53" hits="0" branch="True" condition-coverage="0% (0/2)">
                  <conditions>
                    <condition number="395" type="jump" coverage="0%" />
                  </conditions>
                </line>
                <line number="54" hits="0" branch="False" />
                <line number="56" hits="0" branch="False" />
                <line number="57" hits="0" branch="True" condition-coverage="0% (0/4)">
                  <conditions>
                    <condition number="585" type="jump" coverage="0%" />
                    <condition number="625" type="jump" coverage="0%" />
                  </conditions>
                </line>
                <line number="58" hits="0" branch="False" />
                <line number="61" hits="0" branch="True" condition-coverage="0% (0/2)">
                  <conditions>
                    <condition number="704" type="jump" coverage="0%" />
                  </conditions>
                </line>
                <line number="62" hits="0" branch="False" />
                <line number="63" hits="0" branch="True" condition-coverage="0% (0/2)">
                  <conditions>
                    <condition number="729" type="jump" coverage="0%" />
                  </conditions>
                </line>
                <line number="64" hits="0" branch="True" condition-coverage="0% (0/2)">
                  <conditions>
                    <condition number="783" type="jump" coverage="0%" />
                  </conditions>
                </line>
                <line number="65" hits="0" branch="True" condition-coverage="0% (0/2)">
                  <conditions>
                    <condition number="834" type="jump" coverage="0%" />
                  </conditions>
                </line>
                <line number="66" hits="0" branch="True" condition-coverage="0% (0/2)">
                  <conditions>
                    <condition number="885" type="jump" coverage="0%" />
                  </conditions>
                </line>
                <line number="67" hits="0" branch="False" />
                <line number="68" hits="0" branch="False" />
                <line number="70" hits="0" branch="False" />
                <line number="71" hits="0" branch="False" />
                <line number="72" hits="0" branch="False" />
              </lines>
            </method>
          </methods>
          <lines>
            <line number="47" hits="0" branch="False" />
            <line number="48" hits="0" branch="False" />
            <line number="49" hits="0" branch="True" condition-coverage="0% (0/2)">
              <conditions>
                <condition number="209" type="jump" coverage="0%" />
              </conditions>
            </line>
            <line number="50" hits="0" branch="False" />
            <line number="52" hits="0" branch="False" />
            <line number="53" hits="0" branch="True" condition-coverage="0% (0/2)">
              <conditions>
                <condition number="395" type="jump" coverage="0%" />
              </conditions>
            </line>
            <line number="54" hits="0" branch="False" />
            <line number="56" hits="0" branch="False" />
            <line number="57" hits="0" branch="True" condition-coverage="0% (0/4)">
              <conditions>
                <condition number="585" type="jump" coverage="0%" />
                <condition number="625" type="jump" coverage="0%" />
              </conditions>
            </line>
            <line number="58" hits="0" branch="False" />
            <line number="61" hits="0" branch="True" condition-coverage="0% (0/2)">
              <conditions>
                <condition number="704" type="jump" coverage="0%" />
              </conditions>
            </line>
            <line number="62" hits="0" branch="False" />
            <line number="63" hits="0" branch="True" condition-coverage="0% (0/2)">
              <conditions>
                <condition number="729" type="jump" coverage="0%" />
              </conditions>
            </line>
            <line number="64" hits="0" branch="True" condition-coverage="0% (0/2)">
              <conditions>
                <condition number="783" type="jump" coverage="0%" />
              </conditions>
            </line>
            <line number="65" hits="0" branch="True" condition-coverage="0% (0/2)">
              <conditions>
                <condition number="834" type="jump" coverage="0%" />
              </conditions>
            </line>
            <line number="66" hits="0" branch="True" condition-coverage="0% (0/2)">
              <conditions>
                <condition number="885" type="jump" coverage="0%" />
              </conditions>
            </line>
            <line number="67" hits="0" branch="False" />
            <line number="68" hits="0" branch="False" />
            <line number="70" hits="0" branch="False" />
            <line number="71" hits="0" branch="False" />
            <line number="72" hits="0" branch="False" />
          </lines>
        </class>
        <class name="NextAtlet.Application.Features.Athletes.Commands.TransferControlCommand" filename="NextAtlet.Application\Features\Athletes\Commands\TransferControlCommand.cs" line-rate="0" branch-rate="1" complexity="4">
          <methods>
            <method name="get_ProfileId" signature="()" line-rate="0" branch-rate="1" complexity="1">
              <lines>
                <line number="22" hits="0" branch="False" />
              </lines>
            </method>
            <method name="get_CallerAuthProviderId" signature="()" line-rate="0" branch-rate="1" complexity="1">
              <lines>
                <line number="23" hits="0" branch="False" />
              </lines>
            </method>
            <method name="get_TransferTo" signature="()" line-rate="0" branch-rate="1" complexity="1">
              <lines>
                <line number="24" hits="0" branch="False" />
              </lines>
            </method>
            <method name=".ctor" signature="(System.Guid,System.String,System.String)" line-rate="0" branch-rate="1" complexity="1">
              <lines>
                <line number="21" hits="0" branch="False" />
              </lines>
            </method>
          </methods>
          <lines>
            <line number="22" hits="0" branch="False" />
            <line number="23" hits="0" branch="False" />
            <line number="24" hits="0" branch="False" />
            <line number="21" hits="0" branch="False" />
          </lines>
        </class>
        <class name="NextAtlet.Application.Features.Athletes.Commands.TransferControlCommandHandler" filename="NextAtlet.Application\Features\Athletes\Commands\TransferControlCommand.cs" line-rate="0" branch-rate="1" complexity="1">
          <methods>
            <method name=".ctor" signature="(NextAtlet.Application.Abstractions.Persistence.ISiteRepository,NextAtlet.Application.Abstractions.Persistence.ISiteLoginRepository,NextAtlet.Application.Abstractions.Persistence.IUserRepository,NextAtlet.Domain.Authorization.PermissionResolver,NextAtlet.Application.Abstractions.Persistence.IUnitOfWork,NextAtlet.Application.Common.Time.IClock,NextAtlet.Application.Abstractions.Persistence.IAthleteProfileRepository)" line-rate="0" branch-rate="1" complexity="1">
              <lines>
                <line number="39" hits="0" branch="False" />
                <line number="40" hits="0" branch="False" />
                <line number="41" hits="0" branch="False" />
                <line number="42" hits="0" branch="False" />
                <line number="43" hits="0" branch="False" />
                <line number="44" hits="0" branch="False" />
                <line number="45" hits="0" branch="False" />
                <line number="46" hits="0" branch="False" />
                <line number="47" hits="0" branch="False" />
                <line number="48" hits="0" branch="False" />
                <line number="49" hits="0" branch="False" />
                <line number="50" hits="0" branch="False" />
                <line number="51" hits="0" branch="False" />
                <line number="52" hits="0" branch="False" />
                <line number="53" hits="0" branch="False" />
                <line number="54" hits="0" branch="False" />
                <line number="55" hits="0" branch="False" />
              </lines>
            </method>
          </methods>
          <lines>
            <line number="39" hits="0" branch="False" />
[...]
            <line number="33" hits="2" branch="False" />
            <line number="34" hits="2" branch="False" />
            <line number="37" hits="0" branch="False" />
          </lines>
        </class>
        <class name="NextAtlet.Domain.Entities.Shared.Theme" filename="NextAtlet.Domain\Entities\Shared\Theme.cs" line-rate="0.5" branch-rate="1" complexity="6">
          <methods>
            <method name="get_Name" signature="()" line-rate="1" branch-rate="1" complexity="1">
              <lines>
                <line number="8" hits="21" branch="False" />
              </lines>
            </method>
            <method name="get_Manifest" signature="()" line-rate="1" branch-rate="1" complexity="1">
              <lines>
                <line number="15" hits="21" branch="False" />
              </lines>
            </method>
            <method name="get_PreviewImageUrl" signature="()" line-rate="1" branch-rate="1" complexity="1">
              <lines>
                <line number="17" hits="21" branch="False" />
              </lines>
            </method>
            <method name="get_RetiredUtc" signature="()" line-rate="0" branch-rate="1" complexity="1">
              <lines>
                <line number="22" hits="0" branch="False" />
              </lines>
            </method>
            <method name="get_IsRetired" signature="()" line-rate="0" branch-rate="1" complexity="1">
              <lines>
                <line number="23" hits="0" branch="False" />
              </lines>
            </method>
            <method name="Retire" signature="(System.DateTime)" line-rate="0" branch-rate="1" complexity="1">
              <lines>
                <line number="24" hits="0" branch="False" />
              </lines>
            </method>
          </methods>
          <lines>
            <line number="8" hits="21" branch="False" />
            <line number="15" hits="21" branch="False" />
            <line number="17" hits="21" branch="False" />
            <line number="22" hits="0" branch="False" />
            <line number="23" hits="0" branch="False" />
            <line number="24" hits="0" branch="False" />
          </lines>
        </class>
        <class name="NextAtlet.Domain.Entities.Shared.User" filename="NextAtlet.Domain\Entities\Shared\User.cs" line-rate="1" branch-rate="1" complexity="4">
          <methods>
            <method name="get_Email" signature="()" line-rate="1" branch-rate="1" complexity="1">
              <lines>
                <line number="14" hits="24" branch="False" />
              </lines>
            </method>
            <method name="get_AuthProviderId" signature="()" line-rate="1" branch-rate="1" complexity="1">
              <lines>
                <line number="21" hits="27" branch="False" />
              </lines>
            </method>
            <method name="get_IsClaimed" signature="()" line-rate="1" branch-rate="1" complexity="1">
              <lines>
                <line number="28" hits="2" branch="False" />
              </lines>
            </method>
            <method name="get_SiteLogins" signature="()" line-rate="1" branch-rate="1" complexity="1">
              <lines>
                <line number="31" hits="20" branch="False" />
              </lines>
            </method>
          </methods>
          <lines>
            <line number="14" hits="24" branch="False" />
            <line number="21" hits="27" branch="False" />
            <line number="28" hits="2" branch="False" />
            <line number="31" hits="20" branch="False" />
          </lines>
        </class>
        <class name="NextAtlet.Domain.Common.AuditableEntity" filename="NextAtlet.Domain\Common\AuditableEntity.cs" line-rate="0.3333" branch-rate="1" complexity="3">
          <methods>
            <method name="get_Id" signature="()" line-rate="1" branch-rate="1" complexity="1">
              <lines>
                <line number="5" hits="184" branch="False" />
              </lines>
            </method>
            <method name="get_CreatedUtc" signature="()" line-rate="0" branch-rate="1" complexity="1">
              <lines>
                <line number="7" hits="0" branch="False" />
              </lines>
            </method>
            <method name="get_UpdatedUtc" signature="()" line-rate="0" branch-rate="1" complexity="1">
              <lines>
                <line number="8" hits="0" branch="False" />
              </lines>
            </method>
          </methods>
          <lines>
            <line number="5" hits="184" branch="False" />
            <line number="7" hits="0" branch="False" />
            <line number="8" hits="0" branch="False" />
          </lines>
        </class>
        <class name="NextAtlet.Domain.Common.CreatedOnlyEntity" filename="NextAtlet.Domain\Common\CreatedOnlyEntity.cs" line-rate="0.5" branch-rate="1" complexity="2">
          <methods>
            <method name="get_Id" signature="()" line-rate="1" branch-rate="1" complexity="1">
              <lines>
                <line number="5" hits="95" branch="False" />
              </lines>
            </method>
            <method name="get_CreatedUtc" signature="()" line-rate="0" branch-rate="1" complexity="1">
              <lines>
                <line number="7" hits="0" branch="False" />
              </lines>
            </method>
          </methods>
          <lines>
            <line number="5" hits="95" branch="False" />
            <line number="7" hits="0" branch="False" />
          </lines>
        </class>
        <class name="NextAtlet.Domain.Common.Enumeration" filename="NextAtlet.Domain\Common\Enumeration.cs" line-rate="0.375" branch-rate="0" complexity="9">
          <methods>
            <method name="get_Id" signature="()" line-rate="1" branch-rate="1" complexity="1">
              <lines>
                <line number="7" hits="367" branch="False" />
              </lines>
            </method>
            <method name="get_Title" signature="()" line-rate="1" branch-rate="1" complexity="1">
              <lines>
                <line number="8" hits="49" branch="False" />
              </lines>
            </method>
            <method name="get_Description" signature="()" line-rate="1" branch-rate="1" complexity="1">
              <lines>
                <line number="9" hits="49" branch="False" />
              </lines>
            </method>
            <method name="ToString" signature="()" line-rate="0" branch-rate="1" complexity="1">
              <lines>
                <line number="11" hits="0" branch="False" />
              </lines>
            </method>
            <method name="Equals" signature="(System.Object)" line-rate="0" branch-rate="0" complexity="2">
              <lines>
                <line number="12" hits="0" branch="True" condition-coverage="0% (0/2)">
                  <conditions>
                    <condition number="8" type="jump" coverage="0%" />
                  </conditions>
                </line>
              </lines>
            </method>
            <method name="GetHashCode" signature="()" line-rate="0" branch-rate="1" complexity="1">
              <lines>
                <line number="13" hits="0" branch="False" />
              </lines>
            </method>
            <method name="op_Equality" signature="(NextAtlet.Domain.Common.Enumeration,NextAtlet.Domain.Common.Enumeration)" line-rate="0" branch-rate="1" complexity="1">
              <lines>
                <line number="14" hits="0" branch="False" />
              </lines>
            </method>
            <method name="op_Inequality" signature="(NextAtlet.Domain.Common.Enumeration,NextAtlet.Domain.Common.Enumeration)" line-rate="0" branch-rate="1" complexity="1">
              <lines>
                <line number="15" hits="0" branch="False" />
              </lines>
            </method>
          </methods>
          <lines>
            <line number="7" hits="367" branch="False" />
            <line number="8" hits="49" branch="False" />
            <line number="9" hits="49" branch="False" />
            <line number="11" hits="0" branch="False" />
            <line number="12" hits="0" branch="True" condition-coverage="0% (0/2)">
              <conditions>
                <condition number="8" type="jump" coverage="0%" />
              </conditions>
            </line>
            <line number="13" hits="0" branch="False" />
            <line number="14" hits="0" branch="False" />
            <line number="15" hits="0" branch="False" />
          </lines>
        </class>
        <class name="NextAtlet.Domain.Common.OrgVerification" filename="NextAtlet.Domain\Common\OrgVerification.cs" line-rate="0" branch-rate="1" complexity="4">
          <methods>
            <method name="get_VerifiedByUserId" signature="()" line-rate="0" branch-rate="1" complexity="1">
              <lines>
                <line number="7" hits="0" branch="False" />
              </lines>
            </method>
            <method name="get_MethodId" signature="()" line-rate="0" branch-rate="1" complexity="1">
              <lines>
                <line number="8" hits="0" branch="False" />
              </lines>
            </method>
            <method name="get_CVR" signature="()" line-rate="0" branch-rate="1" complexity="1">
              <lines>
                <line number="9" hits="0" branch="False" />
              </lines>
            </method>
            <method name="get_VerifiedUtc" signature="()" line-rate="0" branch-rate="1" complexity="1">
              <lines>
                <line number="10" hits="0" branch="False" />
              </lines>
            </method>
          </methods>
          <lines>
            <line number="7" hits="0" branch="False" />
            <line number="8" hits="0" branch="False" />
            <line number="9" hits="0" branch="False" />
            <line number="10" hits="0" branch="False" />
          </lines>
        </class>
        <class name="NextAtlet.Domain.Authorization.PermissionResolver" filename="NextAtlet.Domain\Authorization\PermissionResolver.cs" line-rate="0" branch-rate="0" complexity="32">
          <methods>
            <method name="Resolve" signature="(NextAtlet.Domain.Entities.Sites.SiteLogin,NextAtlet.Domain.Entities.Sites.AthleteProfile)" line-rate="0" branch-rate="0" complexity="24">
              <lines>
                <line number="13" hits="0" branch="False" />
                <line number="14" hits="0" branch="False" />
                <line number="15" hits="0" branch="False" />
                <line number="17" hits="0" branch="False" />
                <line number="18" hits="0" branch="False" />
                <line number="19" hits="0" branch="True" condition-coverage="0% (0/6)">
                  <conditions>
                    <condition number="74" type="jump" coverage="0%" />
                    <condition number="79" type="jump" coverage="0%" />
                    <condition number="82" type="jump" coverage="0%" />
                  </conditions>
                </line>
                <line number="20" hits="0" branch="True" condition-coverage="0% (0/6)">
                  <conditions>
                    <condition number="128" type="jump" coverage="0%" />
                    <condition number="133" type="jump" coverage="0%" />
                    <condition number="136" type="jump" coverage="0%" />
                  </conditions>
                </line>
                <line number="21" hits="0" branch="True" condition-coverage="0% (0/6)">
                  <conditions>
                    <condition number="181" type="jump" coverage="0%" />
                    <condition number="186" type="jump" coverage="0%" />
                    <condition number="189" type="jump" coverage="0%" />
                  </conditions>
                </line>
                <line number="22" hits="0" branch="True" condition-coverage="0% (0/6)">
                  <conditions>
                    <condition number="234" type="jump" coverage="0%" />
                    <condition number="239" type="jump" coverage="0%" />
                    <condition number="242" type="jump" coverage="0%" />
                  </conditions>
                </line>
                <line number="23" hits="0" branch="False" />
                <line number="24" hits="0" branch="False" />
                <line number="25" hits="0" branch="False" />
              </lines>
            </method>
            <method name="IsController" signature="(NextAtlet.Domain.Entities.Sites.SiteLogin,NextAtlet.Domain.Entities.Sites.AthleteProfile)" line-rate="0" branch-rate="0" complexity="8">
              <lines>
                <line number="32" hits="0" branch="False" />
                <line number="33" hits="0" branch="False" />
                <line number="34" hits="0" branch="False" />
                <line number="36" hits="0" branch="False" />
                <line number="37" hits="0" branch="False" />
                <line number="38" hits="0" branch="True" condition-coverage="0% (0/4)">
                  <conditions>
                    <condition number="74" type="jump" coverage="0%" />
                    <condition number="92" type="jump" coverage="0%" />
                  </conditions>
                </line>
                <line number="39" hits="0" branch="True" condition-coverage="0% (0/4)">
                  <conditions>
                    <condition number="119" type="jump" coverage="0%" />
                    <condition number="137" type="jump" coverage="0%" />
                  </conditions>
                </line>
                <line number="40" hits="0" branch="False" />
                <line number="41" hits="0" branch="False" />
                <line number="42" hits="0" branch="False" />
              </lines>
            </method>
          </methods>
          <lines>
            <line number="13" hits="0" branch="False" />
            <line number="14" hits="0" branch="False" />
            <line number="15" hits="0" branch="False" />
            <line number="17" hits="0" branch="False" />
            <line number="18" hits="0" branch="False" />
            <line number="19" hits="0" branch="True" condition-coverage="0% (0/6)">
              <conditions>
                <condition number="74" type="jump" coverage="0%" />
                <condition number="79" type="jump" coverage="0%" />
                <condition number="82" type="jump" coverage="0%" />
              </conditions>
            </line>
            <line number="20" hits="0" branch="True" condition-coverage="0% (0/6)">
              <conditions>
                <condition number="128" type="jump" coverage="0%" />
                <condition number="133" type="jump" coverage="0%" />
                <condition number="136" type="jump" coverage="0%" />
              </conditions>
            </line>
            <line number="21" hits="0" branch="True" condition-coverage="0% (0/6)">
              <conditions>
                <condition number="181" type="jump" coverage="0%" />
                <condition number="186" type="jump" coverage="0%" />
                <condition number="189" type="jump" coverage="0%" />
              </conditions>
            </line>
            <line number="22" hits="0" branch="True" condition-coverage="0% (0/6)">
              <conditions>
                <condition number="234" type="jump" coverage="0%" />
                <condition number="239" type="jump" coverage="0%" />
                <condition number="242" type="jump" coverage="0%" />
              </conditions>
            </line>
            <line number="23" hits="0" branch="False" />
            <line number="24" hits="0" branch="False" />
            <line number="25" hits="0" branch="False" />
            <line number="32" hits="0" branch="False" />
            <line number="33" hits="0" branch="False" />
            <line number="34" hits="0" branch="False" />
            <line number="36" hits="0" branch="False" />
            <line number="37" hits="0" branch="False" />
            <line number="38" hits="0" branch="True" condition-coverage="0% (0/4)">
              <conditions>
                <condition number="74" type="jump" coverage="0%" />
                <condition number="92" type="jump" coverage="0%" />
              </conditions>
            </line>
            <line number="39" hits="0" branch="True" condition-coverage="0% (0/4)">
              <conditions>
                <condition number="119" type="jump" coverage="0%" />
                <condition number="137" type="jump" coverage="0%" />
              </conditions>
            </line>
            <line number="40" hits="0" branch="False" />
            <line number="41" hits="0" branch="False" />
            <line number="42" hits="0" branch="False" />
          </lines>
        </class>
        <class name="NextAtlet.Domain.Authorization.SitePermissions" filename="NextAtlet.Domain\Authorization\ProfilePermissions.cs" line-rate="0" branch-rate="1" complexity="7">
          <methods>
            <method name="get_CanEditContent" signature="()" line-rate="0" branch-rate="1" complexity="1">
              <lines>
                <line number="10" hits="0" branch="False" />
              </lines>
            </method>
            <method name="get_CanPublish" signature="()" line-rate="0" branch-rate="1" complexity="1">
              <lines>
                <line number="11" hits="0" branch="False" />
              </lines>
            </method>
            <method name="get_CanApproveChanges" signature="()" line-rate="0" branch-rate="1" complexity="1">
              <lines>
                <line number="12" hits="0" branch="False" />
              </lines>
            </method>
            <method name="get_CanManageMedia" signature="()" line-rate="0" branch-rate="1" complexity="1">
              <lines>
                <line number="13" hits="0" branch="False" />
              </lines>
            </method>
            <method name="get_CanManageMemberships" signature="()" line-rate="0" branch-rate="1" complexity="1">
              <lines>
                <line number="14" hits="0" branch="False" />
              </lines>
            </method>
            <method name=".ctor" signature="(System.Boolean,System.Boolean,System.Boolean,System.Boolean,System.Boolean)" line-rate="0" branch-rate="1" complexity="1">
              <lines>
                <line number="9" hits="0" branch="False" />
              </lines>
            </method>
            <method name=".cctor" signature="()" line-rate="0" branch-rate="1" complexity="1">
              <lines>
                <line number="17" hits="0" branch="False" />
                <line number="20" hits="0" branch="False" />
                <line number="23" hits="0" branch="False" />
                <line number="24" hits="0" branch="False" />
                <line number="25" hits="0" branch="False" />
                <line number="28" hits="0" branch="False" />
              </lines>
            </method>
          </methods>
          <lines>
            <line number="10" hits="0" branch="False" />
            <line number="11" hits="0" branch="False" />
            <line number="12" hits="0" branch="False" />
            <line number="13" hits="0" branch="False" />
            <line number="14" hits="0" branch="False" />
            <line number="9" hits="0" branch="False" />
            <line number="17" hits="0" branch="False" />
            <line number="20" hits="0" branch="False" />
            <line number="23" hits="0" branch="False" />
            <line number="24" hits="0" branch="False" />
            <line number="25" hits="0" branch="False" />
            <line number="28" hits="0" branch="False" />
          </lines>
        </class>
      </classes>
    </package>
  </packages>
</coverage>